<?xml version="1.0" encoding="UTF-8" ?>
<testsuites disabled="0" errors="0" failures="9" tests="24" time="845.276">
 <testsuite name="(e2e) General Testing" timestamp="2018-06-05T02:00:33" hostname="localhost" time="845.276" errors="0" tests="24" skipped="0" disabled="0" failures="9">
  <testcase classname="(e2e) General Testing" name="(e2e) 0. Should get login system" time="30.691" />
  <testcase classname="(e2e) General Testing" name="(e2e) 1. Should get page media" time="22.712" />
  <testcase classname="(e2e) General Testing" name="(e2e) 2. Should get a new view for media search" time="56.067" />
  <testcase classname="(e2e) General Testing" name="(e2e) 3. Should get found ix3 in media search" time="20.779" />
  <testcase classname="(e2e) General Testing" name="(e2e) 4. Should get thumbnails for every found element" time="28.879">
   <failure type="toBe" message="Expected 0 not to be 0."><![CDATA[Error: Failed expectation
    at E:\Работа\imfx-html5\src\e2e\general.testing.e2e.ts:210:30
    at ManagedPromise.invokeCallback_ (E:\Работа\imfx-html5\node_modules\selenium-webdriver\lib\promise.js:1376:14)
    at TaskQueue.execute_ (E:\Работа\imfx-html5\node_modules\selenium-webdriver\lib\promise.js:3084:14)
    at TaskQueue.executeNext_ (E:\Работа\imfx-html5\node_modules\selenium-webdriver\lib\promise.js:3067:27)
    at asyncRun (E:\Работа\imfx-html5\node_modules\selenium-webdriver\lib\promise.js:2927:27)
    at E:\Работа\imfx-html5\node_modules\selenium-webdriver\lib\promise.js:668:7
    at <anonymous>
    at process._tickCallback (internal/process/next_tick.js:160:7)]]>
   </failure>
  </testcase>
  <testcase classname="(e2e) General Testing" name="(e2e) 5. Should get functional player" time="91.827" />
  <testcase classname="(e2e) General Testing" name="(e2e) 6. Should get resized the panel" time="30.152" />
  <testcase classname="(e2e) General Testing" name="(e2e) 9. Should get switch to grid view" time="17.957" />
  <testcase classname="(e2e) General Testing" name="(e2e) 10. Should get do facets search" time="29.19">
   <failure type="toBe" message="Expected &apos;&apos; not to be &apos;&apos;."><![CDATA[Error: Failed expectation
    at UserContext.<anonymous> (E:\Работа\imfx-html5\src\e2e\general.testing.e2e.ts:435:47)
    at E:\Работа\imfx-html5\node_modules\jasminewd2\index.js:112:25
    at new ManagedPromise (E:\Работа\imfx-html5\node_modules\selenium-webdriver\lib\promise.js:1077:7)
    at ControlFlow.promise (E:\Работа\imfx-html5\node_modules\selenium-webdriver\lib\promise.js:2505:12)
    at schedulerExecute (E:\Работа\imfx-html5\node_modules\jasminewd2\index.js:95:18)
    at TaskQueue.execute_ (E:\Работа\imfx-html5\node_modules\selenium-webdriver\lib\promise.js:3084:14)
    at TaskQueue.executeNext_ (E:\Работа\imfx-html5\node_modules\selenium-webdriver\lib\promise.js:3067:27)
    at asyncRun (E:\Работа\imfx-html5\node_modules\selenium-webdriver\lib\promise.js:2974:25)
    at E:\Работа\imfx-html5\node_modules\selenium-webdriver\lib\promise.js:668:7
    at <anonymous>
    at process._tickCallback (internal/process/next_tick.js:160:7)]]>
   </failure>
  </testcase>
  <testcase classname="(e2e) General Testing" name="(e2e) 11. Should get used a saved search in advanced search " time="39.844">
   <failure type="toBe" message="Expected &apos;Всего записей: 148&apos; not to be &apos;Всего записей: 148&apos;."><![CDATA[Error: Failed expectation
    at UserContext.<anonymous> (E:\Работа\imfx-html5\src\e2e\general.testing.e2e.ts:486:44)
    at E:\Работа\imfx-html5\node_modules\jasminewd2\index.js:112:25
    at new ManagedPromise (E:\Работа\imfx-html5\node_modules\selenium-webdriver\lib\promise.js:1077:7)
    at ControlFlow.promise (E:\Работа\imfx-html5\node_modules\selenium-webdriver\lib\promise.js:2505:12)
    at schedulerExecute (E:\Работа\imfx-html5\node_modules\jasminewd2\index.js:95:18)
    at TaskQueue.execute_ (E:\Работа\imfx-html5\node_modules\selenium-webdriver\lib\promise.js:3084:14)
    at TaskQueue.executeNext_ (E:\Работа\imfx-html5\node_modules\selenium-webdriver\lib\promise.js:3067:27)
    at asyncRun (E:\Работа\imfx-html5\node_modules\selenium-webdriver\lib\promise.js:2974:25)
    at E:\Работа\imfx-html5\node_modules\selenium-webdriver\lib\promise.js:668:7
    at <anonymous>
    at process._tickCallback (internal/process/next_tick.js:160:7)]]>
   </failure>
  </testcase>
  <testcase classname="(e2e) General Testing" name="(e2e) 12. Should get found at different type of media " time="17.632">
   <failure type="exception" message="Failed: element not visible
  (Session info: chrome=66.0.3359.181)
  (Driver info: chromedriver=2.37.544315 (730aa6a5fdba159ac9f4c1e8cbc59bf1b5ce12b7),platform=Windows NT 10.0.17134 x86_64)"><![CDATA[ElementNotVisibleError: element not visible
  (Session info: chrome=66.0.3359.181)
  (Driver info: chromedriver=2.37.544315 (730aa6a5fdba159ac9f4c1e8cbc59bf1b5ce12b7),platform=Windows NT 10.0.17134 x86_64)
    at Object.checkLegacyResponse (E:\Работа\imfx-html5\node_modules\selenium-webdriver\lib\error.js:546:15)
    at parseHttpResponse (E:\Работа\imfx-html5\node_modules\selenium-webdriver\lib\http.js:509:13)
    at doSend.then.response (E:\Работа\imfx-html5\node_modules\selenium-webdriver\lib\http.js:441:30)
    at <anonymous>
    at process._tickCallback (internal/process/next_tick.js:160:7)
From: Task: WebElement.click()
    at Driver.schedule (E:\Работа\imfx-html5\node_modules\selenium-webdriver\lib\webdriver.js:807:17)
    at WebElementPromise.schedule_ (E:\Работа\imfx-html5\node_modules\selenium-webdriver\lib\webdriver.js:2010:25)
    at WebElementPromise.click (E:\Работа\imfx-html5\node_modules\selenium-webdriver\lib\webdriver.js:2092:17)
    at UserContext.<anonymous> (E:\Работа\imfx-html5\src\e2e\general.testing.e2e.ts:537:21)
    at E:\Работа\imfx-html5\node_modules\jasminewd2\index.js:112:25
    at new ManagedPromise (E:\Работа\imfx-html5\node_modules\selenium-webdriver\lib\promise.js:1077:7)
    at ControlFlow.promise (E:\Работа\imfx-html5\node_modules\selenium-webdriver\lib\promise.js:2505:12)
    at schedulerExecute (E:\Работа\imfx-html5\node_modules\jasminewd2\index.js:95:18)
    at TaskQueue.execute_ (E:\Работа\imfx-html5\node_modules\selenium-webdriver\lib\promise.js:3084:14)
    at TaskQueue.executeNext_ (E:\Работа\imfx-html5\node_modules\selenium-webdriver\lib\promise.js:3067:27)
    at asyncRun (E:\Работа\imfx-html5\node_modules\selenium-webdriver\lib\promise.js:2974:25)
    at E:\Работа\imfx-html5\node_modules\selenium-webdriver\lib\promise.js:668:7
    at <anonymous>
    at process._tickCallback (internal/process/next_tick.js:160:7)
From: Task: Run it("(e2e) 12. Should get found at different type of media ") in control flow
    at UserContext.<anonymous> (E:\Работа\imfx-html5\node_modules\jasminewd2\index.js:94:19)
    at attempt (E:\Работа\imfx-html5\node_modules\jasmine\node_modules\jasmine-core\lib\jasmine-core\jasmine.js:4297:26)
    at QueueRunner.run (E:\Работа\imfx-html5\node_modules\jasmine\node_modules\jasmine-core\lib\jasmine-core\jasmine.js:4217:20)
    at runNext (E:\Работа\imfx-html5\node_modules\jasmine\node_modules\jasmine-core\lib\jasmine-core\jasmine.js:4257:20)
    at E:\Работа\imfx-html5\node_modules\jasmine\node_modules\jasmine-core\lib\jasmine-core\jasmine.js:4264:13
    at E:\Работа\imfx-html5\node_modules\jasmine\node_modules\jasmine-core\lib\jasmine-core\jasmine.js:4172:9
    at E:\Работа\imfx-html5\node_modules\jasminewd2\index.js:64:48
    at ControlFlow.emit (E:\Работа\imfx-html5\node_modules\selenium-webdriver\lib\events.js:62:21)
    at ControlFlow.shutdown_ (E:\Работа\imfx-html5\node_modules\selenium-webdriver\lib\promise.js:2674:10)
    at shutdownTask_.MicroTask (E:\Работа\imfx-html5\node_modules\selenium-webdriver\lib\promise.js:2599:53)
    at MicroTask.asyncRun (E:\Работа\imfx-html5\node_modules\selenium-webdriver\lib\promise.js:2728:9)
    at E:\Работа\imfx-html5\node_modules\selenium-webdriver\lib\promise.js:668:7
    at <anonymous>
    at process._tickCallback (internal/process/next_tick.js:160:7)
From asynchronous test: 
Error
    at Suite.<anonymous> (E:\Работа\imfx-html5\src\e2e\general.testing.e2e.ts:530:5)
    at addSpecsToSuite (E:\Работа\imfx-html5\node_modules\jasmine\node_modules\jasmine-core\lib\jasmine-core\jasmine.js:1107:25)
    at Env.describe (E:\Работа\imfx-html5\node_modules\jasmine\node_modules\jasmine-core\lib\jasmine-core\jasmine.js:1074:7)
    at describe (E:\Работа\imfx-html5\node_modules\jasmine\node_modules\jasmine-core\lib\jasmine-core\jasmine.js:4399:18)
    at Object.<anonymous> (E:\Работа\imfx-html5\src\e2e\general.testing.e2e.ts:11:1)
    at Module._compile (module.js:660:30)
    at Module.m._compile (E:\Работа\imfx-html5\node_modules\ts-node\src\index.ts:392:23)
    at Module._extensions..js (module.js:671:10)
    at Object.require.extensions.(anonymous function) [as .ts] (E:\Работа\imfx-html5\node_modules\ts-node\src\index.ts:395:12)
    at Module.load (E:\Работа\imfx-html5\node_modules\coffee-script\lib\coffee-script\register.js:45:36)
    at tryModuleLoad (module.js:513:12)
    at Function.Module._load (module.js:505:3)
    at Module.require (module.js:604:17)
    at require (internal/module.js:11:18)
    at E:\Работа\imfx-html5\node_modules\jasmine\lib\jasmine.js:93:5
    at Array.forEach (<anonymous>)
    at Jasmine.loadSpecs (E:\Работа\imfx-html5\node_modules\jasmine\lib\jasmine.js:92:18)
    at Jasmine.execute (E:\Работа\imfx-html5\node_modules\jasmine\lib\jasmine.js:197:8)
    at E:\Работа\imfx-html5\node_modules\protractor\built\frameworks\jasmine.js:132:15
    at Function.promise (E:\Работа\imfx-html5\node_modules\protractor\node_modules\q\q.js:682:9)
    at E:\Работа\imfx-html5\node_modules\protractor\built\frameworks\jasmine.js:104:14
    at _fulfilled (E:\Работа\imfx-html5\node_modules\protractor\node_modules\q\q.js:834:54)
    at self.promiseDispatch.done (E:\Работа\imfx-html5\node_modules\protractor\node_modules\q\q.js:863:30)
    at Promise.promise.promiseDispatch (E:\Работа\imfx-html5\node_modules\protractor\node_modules\q\q.js:796:13)
    at E:\Работа\imfx-html5\node_modules\protractor\node_modules\q\q.js:556:49
    at runSingle (E:\Работа\imfx-html5\node_modules\protractor\node_modules\q\q.js:137:13)
    at flush (E:\Работа\imfx-html5\node_modules\protractor\node_modules\q\q.js:125:13)
    at process._tickCallback (internal/process/next_tick.js:150:11)]]>
   </failure>
  </testcase>
  <testcase classname="(e2e) General Testing" name="(e2e) 13. Should get used the recent searches" time="40.292" />
  <testcase classname="(e2e) General Testing" name="(e2e) 19. Should get page details for selected media file" time="47.225">
   <failure type="exception" message="Failed: no such element: Unable to locate element: {&quot;method&quot;:&quot;css selector&quot;,&quot;selector&quot;:&quot;imfx-controls-number .field&quot;}
  (Session info: chrome=66.0.3359.181)
  (Driver info: chromedriver=2.37.544315 (730aa6a5fdba159ac9f4c1e8cbc59bf1b5ce12b7),platform=Windows NT 10.0.17134 x86_64)"><![CDATA[NoSuchElementError: no such element: Unable to locate element: {"method":"css selector","selector":"imfx-controls-number .field"}
  (Session info: chrome=66.0.3359.181)
  (Driver info: chromedriver=2.37.544315 (730aa6a5fdba159ac9f4c1e8cbc59bf1b5ce12b7),platform=Windows NT 10.0.17134 x86_64)
    at Object.checkLegacyResponse (E:\Работа\imfx-html5\node_modules\selenium-webdriver\lib\error.js:546:15)
    at parseHttpResponse (E:\Работа\imfx-html5\node_modules\selenium-webdriver\lib\http.js:509:13)
    at doSend.then.response (E:\Работа\imfx-html5\node_modules\selenium-webdriver\lib\http.js:441:30)
    at <anonymous>
    at process._tickCallback (internal/process/next_tick.js:160:7)
From: Task: WebDriver.findElement(By(css selector, imfx-controls-number .field))
    at Driver.schedule (E:\Работа\imfx-html5\node_modules\selenium-webdriver\lib\webdriver.js:807:17)
    at Driver.findElement (E:\Работа\imfx-html5\node_modules\selenium-webdriver\lib\webdriver.js:1014:17)
    at E:\Работа\imfx-html5\src\e2e\general.testing.e2e.ts:654:41
    at ManagedPromise.invokeCallback_ (E:\Работа\imfx-html5\node_modules\selenium-webdriver\lib\promise.js:1376:14)
    at TaskQueue.execute_ (E:\Работа\imfx-html5\node_modules\selenium-webdriver\lib\promise.js:3084:14)
    at TaskQueue.executeNext_ (E:\Работа\imfx-html5\node_modules\selenium-webdriver\lib\promise.js:3067:27)
    at asyncRun (E:\Работа\imfx-html5\node_modules\selenium-webdriver\lib\promise.js:2927:27)
    at E:\Работа\imfx-html5\node_modules\selenium-webdriver\lib\promise.js:668:7
    at <anonymous>
    at process._tickCallback (internal/process/next_tick.js:160:7)
From: Task: WebElement.clear()
    at Driver.schedule (E:\Работа\imfx-html5\node_modules\selenium-webdriver\lib\webdriver.js:807:17)
    at WebElementPromise.schedule_ (E:\Работа\imfx-html5\node_modules\selenium-webdriver\lib\webdriver.js:2010:25)
    at WebElementPromise.clear (E:\Работа\imfx-html5\node_modules\selenium-webdriver\lib\webdriver.js:2351:17)
    at E:\Работа\imfx-html5\src\e2e\general.testing.e2e.ts:656:20
    at ManagedPromise.invokeCallback_ (E:\Работа\imfx-html5\node_modules\selenium-webdriver\lib\promise.js:1376:14)
    at TaskQueue.execute_ (E:\Работа\imfx-html5\node_modules\selenium-webdriver\lib\promise.js:3084:14)
    at TaskQueue.executeNext_ (E:\Работа\imfx-html5\node_modules\selenium-webdriver\lib\promise.js:3067:27)
    at asyncRun (E:\Работа\imfx-html5\node_modules\selenium-webdriver\lib\promise.js:2927:27)
    at E:\Работа\imfx-html5\node_modules\selenium-webdriver\lib\promise.js:668:7
    at <anonymous>
    at process._tickCallback (internal/process/next_tick.js:160:7)
From: Task: Run it("(e2e) 19. Should get page details for selected media file") in control flow
    at UserContext.<anonymous> (E:\Работа\imfx-html5\node_modules\jasminewd2\index.js:94:19)
    at attempt (E:\Работа\imfx-html5\node_modules\jasmine\node_modules\jasmine-core\lib\jasmine-core\jasmine.js:4297:26)
    at QueueRunner.run (E:\Работа\imfx-html5\node_modules\jasmine\node_modules\jasmine-core\lib\jasmine-core\jasmine.js:4217:20)
    at runNext (E:\Работа\imfx-html5\node_modules\jasmine\node_modules\jasmine-core\lib\jasmine-core\jasmine.js:4257:20)
    at E:\Работа\imfx-html5\node_modules\jasmine\node_modules\jasmine-core\lib\jasmine-core\jasmine.js:4264:13
    at E:\Работа\imfx-html5\node_modules\jasmine\node_modules\jasmine-core\lib\jasmine-core\jasmine.js:4172:9
    at E:\Работа\imfx-html5\node_modules\jasminewd2\index.js:64:48
    at ControlFlow.emit (E:\Работа\imfx-html5\node_modules\selenium-webdriver\lib\events.js:62:21)
    at ControlFlow.shutdown_ (E:\Работа\imfx-html5\node_modules\selenium-webdriver\lib\promise.js:2674:10)
    at shutdownTask_.MicroTask (E:\Работа\imfx-html5\node_modules\selenium-webdriver\lib\promise.js:2599:53)
    at MicroTask.asyncRun (E:\Работа\imfx-html5\node_modules\selenium-webdriver\lib\promise.js:2728:9)
    at E:\Работа\imfx-html5\node_modules\selenium-webdriver\lib\promise.js:668:7
    at <anonymous>
    at process._tickCallback (internal/process/next_tick.js:160:7)
From asynchronous test: 
Error
    at Suite.<anonymous> (E:\Работа\imfx-html5\src\e2e\general.testing.e2e.ts:619:5)
    at addSpecsToSuite (E:\Работа\imfx-html5\node_modules\jasmine\node_modules\jasmine-core\lib\jasmine-core\jasmine.js:1107:25)
    at Env.describe (E:\Работа\imfx-html5\node_modules\jasmine\node_modules\jasmine-core\lib\jasmine-core\jasmine.js:1074:7)
    at describe (E:\Работа\imfx-html5\node_modules\jasmine\node_modules\jasmine-core\lib\jasmine-core\jasmine.js:4399:18)
    at Object.<anonymous> (E:\Работа\imfx-html5\src\e2e\general.testing.e2e.ts:11:1)
    at Module._compile (module.js:660:30)
    at Module.m._compile (E:\Работа\imfx-html5\node_modules\ts-node\src\index.ts:392:23)
    at Module._extensions..js (module.js:671:10)
    at Object.require.extensions.(anonymous function) [as .ts] (E:\Работа\imfx-html5\node_modules\ts-node\src\index.ts:395:12)
    at Module.load (E:\Работа\imfx-html5\node_modules\coffee-script\lib\coffee-script\register.js:45:36)
    at tryModuleLoad (module.js:513:12)
    at Function.Module._load (module.js:505:3)
    at Module.require (module.js:604:17)
    at require (internal/module.js:11:18)
    at E:\Работа\imfx-html5\node_modules\jasmine\lib\jasmine.js:93:5
    at Array.forEach (<anonymous>)
    at Jasmine.loadSpecs (E:\Работа\imfx-html5\node_modules\jasmine\lib\jasmine.js:92:18)
    at Jasmine.execute (E:\Работа\imfx-html5\node_modules\jasmine\lib\jasmine.js:197:8)
    at E:\Работа\imfx-html5\node_modules\protractor\built\frameworks\jasmine.js:132:15
    at Function.promise (E:\Работа\imfx-html5\node_modules\protractor\node_modules\q\q.js:682:9)
    at E:\Работа\imfx-html5\node_modules\protractor\built\frameworks\jasmine.js:104:14
    at _fulfilled (E:\Работа\imfx-html5\node_modules\protractor\node_modules\q\q.js:834:54)
    at self.promiseDispatch.done (E:\Работа\imfx-html5\node_modules\protractor\node_modules\q\q.js:863:30)
    at Promise.promise.promiseDispatch (E:\Работа\imfx-html5\node_modules\protractor\node_modules\q\q.js:796:13)
    at E:\Работа\imfx-html5\node_modules\protractor\node_modules\q\q.js:556:49
    at runSingle (E:\Работа\imfx-html5\node_modules\protractor\node_modules\q\q.js:137:13)
    at flush (E:\Работа\imfx-html5\node_modules\protractor\node_modules\q\q.js:125:13)
    at process._tickCallback (internal/process/next_tick.js:150:11)]]>
   </failure>
  </testcase>
  <testcase classname="(e2e) General Testing" name="(e2e) 14. Should get to dart theme" time="22.337" />
  <testcase classname="(e2e) General Testing" name="(e2e) 15. Should get page login" time="22.989" />
  <testcase classname="(e2e) General Testing" name="(e2e) 16. Should get modified language in site" time="49.321">
   <failure type="toBe" message="Expected &apos;Медиа&apos; to be &apos;Media&apos;."><![CDATA[Error: Failed expectation
    at UserContext.<anonymous> (E:\Работа\imfx-html5\src\e2e\general.testing.e2e.ts:788:38)
    at E:\Работа\imfx-html5\node_modules\jasminewd2\index.js:112:25
    at new ManagedPromise (E:\Работа\imfx-html5\node_modules\selenium-webdriver\lib\promise.js:1077:7)
    at ControlFlow.promise (E:\Работа\imfx-html5\node_modules\selenium-webdriver\lib\promise.js:2505:12)
    at schedulerExecute (E:\Работа\imfx-html5\node_modules\jasminewd2\index.js:95:18)
    at TaskQueue.execute_ (E:\Работа\imfx-html5\node_modules\selenium-webdriver\lib\promise.js:3084:14)
    at TaskQueue.executeNext_ (E:\Работа\imfx-html5\node_modules\selenium-webdriver\lib\promise.js:3067:27)
    at asyncRun (E:\Работа\imfx-html5\node_modules\selenium-webdriver\lib\promise.js:2974:25)
    at E:\Работа\imfx-html5\node_modules\selenium-webdriver\lib\promise.js:668:7
    at <anonymous>
    at process._tickCallback (internal/process/next_tick.js:160:7)]]>
   </failure>
  </testcase>
  <testcase classname="(e2e) General Testing" name="(e2e) 17. Should get datails for selected video" time="41.811">
   <failure type="exception" message="Failed: no such element: Unable to locate element: {&quot;method&quot;:&quot;css selector&quot;,&quot;selector&quot;:&quot;imfx-controls-number .field&quot;}
  (Session info: chrome=66.0.3359.181)
  (Driver info: chromedriver=2.37.544315 (730aa6a5fdba159ac9f4c1e8cbc59bf1b5ce12b7),platform=Windows NT 10.0.17134 x86_64)"><![CDATA[NoSuchElementError: no such element: Unable to locate element: {"method":"css selector","selector":"imfx-controls-number .field"}
  (Session info: chrome=66.0.3359.181)
  (Driver info: chromedriver=2.37.544315 (730aa6a5fdba159ac9f4c1e8cbc59bf1b5ce12b7),platform=Windows NT 10.0.17134 x86_64)
    at Object.checkLegacyResponse (E:\Работа\imfx-html5\node_modules\selenium-webdriver\lib\error.js:546:15)
    at parseHttpResponse (E:\Работа\imfx-html5\node_modules\selenium-webdriver\lib\http.js:509:13)
    at doSend.then.response (E:\Работа\imfx-html5\node_modules\selenium-webdriver\lib\http.js:441:30)
    at <anonymous>
    at process._tickCallback (internal/process/next_tick.js:160:7)
From: Task: WebDriver.findElement(By(css selector, imfx-controls-number .field))
    at Driver.schedule (E:\Работа\imfx-html5\node_modules\selenium-webdriver\lib\webdriver.js:807:17)
    at Driver.findElement (E:\Работа\imfx-html5\node_modules\selenium-webdriver\lib\webdriver.js:1014:17)
    at E:\Работа\imfx-html5\src\e2e\general.testing.e2e.ts:878:43
    at ManagedPromise.invokeCallback_ (E:\Работа\imfx-html5\node_modules\selenium-webdriver\lib\promise.js:1376:14)
    at TaskQueue.execute_ (E:\Работа\imfx-html5\node_modules\selenium-webdriver\lib\promise.js:3084:14)
    at TaskQueue.executeNext_ (E:\Работа\imfx-html5\node_modules\selenium-webdriver\lib\promise.js:3067:27)
    at asyncRun (E:\Работа\imfx-html5\node_modules\selenium-webdriver\lib\promise.js:2927:27)
    at E:\Работа\imfx-html5\node_modules\selenium-webdriver\lib\promise.js:668:7
    at <anonymous>
    at process._tickCallback (internal/process/next_tick.js:160:7)
From: Task: WebElement.clear()
    at Driver.schedule (E:\Работа\imfx-html5\node_modules\selenium-webdriver\lib\webdriver.js:807:17)
    at WebElementPromise.schedule_ (E:\Работа\imfx-html5\node_modules\selenium-webdriver\lib\webdriver.js:2010:25)
    at WebElementPromise.clear (E:\Работа\imfx-html5\node_modules\selenium-webdriver\lib\webdriver.js:2351:17)
    at E:\Работа\imfx-html5\src\e2e\general.testing.e2e.ts:880:22
    at ManagedPromise.invokeCallback_ (E:\Работа\imfx-html5\node_modules\selenium-webdriver\lib\promise.js:1376:14)
    at TaskQueue.execute_ (E:\Работа\imfx-html5\node_modules\selenium-webdriver\lib\promise.js:3084:14)
    at TaskQueue.executeNext_ (E:\Работа\imfx-html5\node_modules\selenium-webdriver\lib\promise.js:3067:27)
    at asyncRun (E:\Работа\imfx-html5\node_modules\selenium-webdriver\lib\promise.js:2927:27)
    at E:\Работа\imfx-html5\node_modules\selenium-webdriver\lib\promise.js:668:7
    at <anonymous>
    at process._tickCallback (internal/process/next_tick.js:160:7)
From: Task: Run it("(e2e) 17. Should get datails for selected video") in control flow
    at UserContext.<anonymous> (E:\Работа\imfx-html5\node_modules\jasminewd2\index.js:94:19)
    at attempt (E:\Работа\imfx-html5\node_modules\jasmine\node_modules\jasmine-core\lib\jasmine-core\jasmine.js:4297:26)
    at QueueRunner.run (E:\Работа\imfx-html5\node_modules\jasmine\node_modules\jasmine-core\lib\jasmine-core\jasmine.js:4217:20)
    at runNext (E:\Работа\imfx-html5\node_modules\jasmine\node_modules\jasmine-core\lib\jasmine-core\jasmine.js:4257:20)
    at E:\Работа\imfx-html5\node_modules\jasmine\node_modules\jasmine-core\lib\jasmine-core\jasmine.js:4264:13
    at E:\Работа\imfx-html5\node_modules\jasmine\node_modules\jasmine-core\lib\jasmine-core\jasmine.js:4172:9
    at E:\Работа\imfx-html5\node_modules\jasminewd2\index.js:64:48
    at ControlFlow.emit (E:\Работа\imfx-html5\node_modules\selenium-webdriver\lib\events.js:62:21)
    at ControlFlow.shutdown_ (E:\Работа\imfx-html5\node_modules\selenium-webdriver\lib\promise.js:2674:10)
    at shutdownTask_.MicroTask (E:\Работа\imfx-html5\node_modules\selenium-webdriver\lib\promise.js:2599:53)
    at MicroTask.asyncRun (E:\Работа\imfx-html5\node_modules\selenium-webdriver\lib\promise.js:2728:9)
    at E:\Работа\imfx-html5\node_modules\selenium-webdriver\lib\promise.js:668:7
    at <anonymous>
    at process._tickCallback (internal/process/next_tick.js:160:7)
From asynchronous test: 
Error
    at Suite.<anonymous> (E:\Работа\imfx-html5\src\e2e\general.testing.e2e.ts:846:5)
    at addSpecsToSuite (E:\Работа\imfx-html5\node_modules\jasmine\node_modules\jasmine-core\lib\jasmine-core\jasmine.js:1107:25)
    at Env.describe (E:\Работа\imfx-html5\node_modules\jasmine\node_modules\jasmine-core\lib\jasmine-core\jasmine.js:1074:7)
    at describe (E:\Работа\imfx-html5\node_modules\jasmine\node_modules\jasmine-core\lib\jasmine-core\jasmine.js:4399:18)
    at Object.<anonymous> (E:\Работа\imfx-html5\src\e2e\general.testing.e2e.ts:11:1)
    at Module._compile (module.js:660:30)
    at Module.m._compile (E:\Работа\imfx-html5\node_modules\ts-node\src\index.ts:392:23)
    at Module._extensions..js (module.js:671:10)
    at Object.require.extensions.(anonymous function) [as .ts] (E:\Работа\imfx-html5\node_modules\ts-node\src\index.ts:395:12)
    at Module.load (E:\Работа\imfx-html5\node_modules\coffee-script\lib\coffee-script\register.js:45:36)
    at tryModuleLoad (module.js:513:12)
    at Function.Module._load (module.js:505:3)
    at Module.require (module.js:604:17)
    at require (internal/module.js:11:18)
    at E:\Работа\imfx-html5\node_modules\jasmine\lib\jasmine.js:93:5
    at Array.forEach (<anonymous>)
    at Jasmine.loadSpecs (E:\Работа\imfx-html5\node_modules\jasmine\lib\jasmine.js:92:18)
    at Jasmine.execute (E:\Работа\imfx-html5\node_modules\jasmine\lib\jasmine.js:197:8)
    at E:\Работа\imfx-html5\node_modules\protractor\built\frameworks\jasmine.js:132:15
    at Function.promise (E:\Работа\imfx-html5\node_modules\protractor\node_modules\q\q.js:682:9)
    at E:\Работа\imfx-html5\node_modules\protractor\built\frameworks\jasmine.js:104:14
    at _fulfilled (E:\Работа\imfx-html5\node_modules\protractor\node_modules\q\q.js:834:54)
    at self.promiseDispatch.done (E:\Работа\imfx-html5\node_modules\protractor\node_modules\q\q.js:863:30)
    at Promise.promise.promiseDispatch (E:\Работа\imfx-html5\node_modules\protractor\node_modules\q\q.js:796:13)
    at E:\Работа\imfx-html5\node_modules\protractor\node_modules\q\q.js:556:49
    at runSingle (E:\Работа\imfx-html5\node_modules\protractor\node_modules\q\q.js:137:13)
    at flush (E:\Работа\imfx-html5\node_modules\protractor\node_modules\q\q.js:125:13)
    at process._tickCallback (internal/process/next_tick.js:150:11)]]>
   </failure>
  </testcase>
  <testcase classname="(e2e) General Testing" name="(e2e) 21. Should get title search" time="31.585">
   <failure type="toBe" message="Expected false to be true."><![CDATA[Error: Failed expectation
    at UserContext.<anonymous> (E:\Работа\imfx-html5\src\e2e\general.testing.e2e.ts:1066:43)
    at E:\Работа\imfx-html5\node_modules\jasminewd2\index.js:112:25
    at new ManagedPromise (E:\Работа\imfx-html5\node_modules\selenium-webdriver\lib\promise.js:1077:7)
    at ControlFlow.promise (E:\Работа\imfx-html5\node_modules\selenium-webdriver\lib\promise.js:2505:12)
    at schedulerExecute (E:\Работа\imfx-html5\node_modules\jasminewd2\index.js:95:18)
    at TaskQueue.execute_ (E:\Работа\imfx-html5\node_modules\selenium-webdriver\lib\promise.js:3084:14)
    at TaskQueue.executeNext_ (E:\Работа\imfx-html5\node_modules\selenium-webdriver\lib\promise.js:3067:27)
    at asyncRun (E:\Работа\imfx-html5\node_modules\selenium-webdriver\lib\promise.js:2974:25)
    at E:\Работа\imfx-html5\node_modules\selenium-webdriver\lib\promise.js:668:7
    at <anonymous>
    at process._tickCallback (internal/process/next_tick.js:160:7)]]>
   </failure>
  </testcase>
  <testcase classname="(e2e) General Testing" name="(e2e) 22. Should get list of suggested results" time="19.839" />
  <testcase classname="(e2e) General Testing" name="(e2e) 23. Should get modified views" time="56.716">
   <failure type="exception" message="Failed: no such element: Unable to locate element: {&quot;method&quot;:&quot;css selector&quot;,&quot;selector&quot;:&quot;.slick-pane-right .slick-header-column:nth-child(3) .slick-column-name&quot;}
  (Session info: chrome=66.0.3359.181)
  (Driver info: chromedriver=2.37.544315 (730aa6a5fdba159ac9f4c1e8cbc59bf1b5ce12b7),platform=Windows NT 10.0.17134 x86_64)"><![CDATA[NoSuchElementError: no such element: Unable to locate element: {"method":"css selector","selector":".slick-pane-right .slick-header-column:nth-child(3) .slick-column-name"}
  (Session info: chrome=66.0.3359.181)
  (Driver info: chromedriver=2.37.544315 (730aa6a5fdba159ac9f4c1e8cbc59bf1b5ce12b7),platform=Windows NT 10.0.17134 x86_64)
    at Object.checkLegacyResponse (E:\Работа\imfx-html5\node_modules\selenium-webdriver\lib\error.js:546:15)
    at parseHttpResponse (E:\Работа\imfx-html5\node_modules\selenium-webdriver\lib\http.js:509:13)
    at doSend.then.response (E:\Работа\imfx-html5\node_modules\selenium-webdriver\lib\http.js:441:30)
    at <anonymous>
    at process._tickCallback (internal/process/next_tick.js:160:7)
From: Task: WebDriver.findElement(By(css selector, .slick-pane-right .slick-header-column:nth-child(3) .slick-column-name))
    at Driver.schedule (E:\Работа\imfx-html5\node_modules\selenium-webdriver\lib\webdriver.js:807:17)
    at Driver.findElement (E:\Работа\imfx-html5\node_modules\selenium-webdriver\lib\webdriver.js:1014:17)
    at checkCell (E:\Работа\imfx-html5\src\e2e\general.testing.e2e.ts:32:35)
    at UserContext.<anonymous> (E:\Работа\imfx-html5\src\e2e\general.testing.e2e.ts:1187:9)
    at E:\Работа\imfx-html5\node_modules\jasminewd2\index.js:112:25
    at new ManagedPromise (E:\Работа\imfx-html5\node_modules\selenium-webdriver\lib\promise.js:1077:7)
    at ControlFlow.promise (E:\Работа\imfx-html5\node_modules\selenium-webdriver\lib\promise.js:2505:12)
    at schedulerExecute (E:\Работа\imfx-html5\node_modules\jasminewd2\index.js:95:18)
    at TaskQueue.execute_ (E:\Работа\imfx-html5\node_modules\selenium-webdriver\lib\promise.js:3084:14)
    at TaskQueue.executeNext_ (E:\Работа\imfx-html5\node_modules\selenium-webdriver\lib\promise.js:3067:27)
    at asyncRun (E:\Работа\imfx-html5\node_modules\selenium-webdriver\lib\promise.js:2974:25)
    at E:\Работа\imfx-html5\node_modules\selenium-webdriver\lib\promise.js:668:7
    at <anonymous>
    at process._tickCallback (internal/process/next_tick.js:160:7)
From: Task: WebElement.getText()
    at Driver.schedule (E:\Работа\imfx-html5\node_modules\selenium-webdriver\lib\webdriver.js:807:17)
    at WebElementPromise.schedule_ (E:\Работа\imfx-html5\node_modules\selenium-webdriver\lib\webdriver.js:2010:25)
    at WebElementPromise.getText (E:\Работа\imfx-html5\node_modules\selenium-webdriver\lib\webdriver.js:2277:17)
    at checkCell (E:\Работа\imfx-html5\src\e2e\general.testing.e2e.ts:34:21)
    at UserContext.<anonymous> (E:\Работа\imfx-html5\src\e2e\general.testing.e2e.ts:1187:9)
    at E:\Работа\imfx-html5\node_modules\jasminewd2\index.js:112:25
    at new ManagedPromise (E:\Работа\imfx-html5\node_modules\selenium-webdriver\lib\promise.js:1077:7)
    at ControlFlow.promise (E:\Работа\imfx-html5\node_modules\selenium-webdriver\lib\promise.js:2505:12)
    at schedulerExecute (E:\Работа\imfx-html5\node_modules\jasminewd2\index.js:95:18)
    at TaskQueue.execute_ (E:\Работа\imfx-html5\node_modules\selenium-webdriver\lib\promise.js:3084:14)
    at TaskQueue.executeNext_ (E:\Работа\imfx-html5\node_modules\selenium-webdriver\lib\promise.js:3067:27)
    at asyncRun (E:\Работа\imfx-html5\node_modules\selenium-webdriver\lib\promise.js:2974:25)
    at E:\Работа\imfx-html5\node_modules\selenium-webdriver\lib\promise.js:668:7
    at <anonymous>
    at process._tickCallback (internal/process/next_tick.js:160:7)
From: Task: Run it("(e2e) 23. Should get modified views") in control flow
    at UserContext.<anonymous> (E:\Работа\imfx-html5\node_modules\jasminewd2\index.js:94:19)
    at attempt (E:\Работа\imfx-html5\node_modules\jasmine\node_modules\jasmine-core\lib\jasmine-core\jasmine.js:4297:26)
    at QueueRunner.run (E:\Работа\imfx-html5\node_modules\jasmine\node_modules\jasmine-core\lib\jasmine-core\jasmine.js:4217:20)
    at runNext (E:\Работа\imfx-html5\node_modules\jasmine\node_modules\jasmine-core\lib\jasmine-core\jasmine.js:4257:20)
    at E:\Работа\imfx-html5\node_modules\jasmine\node_modules\jasmine-core\lib\jasmine-core\jasmine.js:4264:13
    at E:\Работа\imfx-html5\node_modules\jasmine\node_modules\jasmine-core\lib\jasmine-core\jasmine.js:4172:9
    at E:\Работа\imfx-html5\node_modules\jasminewd2\index.js:64:48
    at ControlFlow.emit (E:\Работа\imfx-html5\node_modules\selenium-webdriver\lib\events.js:62:21)
    at ControlFlow.shutdown_ (E:\Работа\imfx-html5\node_modules\selenium-webdriver\lib\promise.js:2674:10)
    at shutdownTask_.MicroTask (E:\Работа\imfx-html5\node_modules\selenium-webdriver\lib\promise.js:2599:53)
    at MicroTask.asyncRun (E:\Работа\imfx-html5\node_modules\selenium-webdriver\lib\promise.js:2728:9)
    at E:\Работа\imfx-html5\node_modules\selenium-webdriver\lib\promise.js:668:7
    at <anonymous>
    at process._tickCallback (internal/process/next_tick.js:160:7)
From asynchronous test: 
Error
    at Suite.<anonymous> (E:\Работа\imfx-html5\src\e2e\general.testing.e2e.ts:1109:5)
    at addSpecsToSuite (E:\Работа\imfx-html5\node_modules\jasmine\node_modules\jasmine-core\lib\jasmine-core\jasmine.js:1107:25)
    at Env.describe (E:\Работа\imfx-html5\node_modules\jasmine\node_modules\jasmine-core\lib\jasmine-core\jasmine.js:1074:7)
    at describe (E:\Работа\imfx-html5\node_modules\jasmine\node_modules\jasmine-core\lib\jasmine-core\jasmine.js:4399:18)
    at Object.<anonymous> (E:\Работа\imfx-html5\src\e2e\general.testing.e2e.ts:11:1)
    at Module._compile (module.js:660:30)
    at Module.m._compile (E:\Работа\imfx-html5\node_modules\ts-node\src\index.ts:392:23)
    at Module._extensions..js (module.js:671:10)
    at Object.require.extensions.(anonymous function) [as .ts] (E:\Работа\imfx-html5\node_modules\ts-node\src\index.ts:395:12)
    at Module.load (E:\Работа\imfx-html5\node_modules\coffee-script\lib\coffee-script\register.js:45:36)
    at tryModuleLoad (module.js:513:12)
    at Function.Module._load (module.js:505:3)
    at Module.require (module.js:604:17)
    at require (internal/module.js:11:18)
    at E:\Работа\imfx-html5\node_modules\jasmine\lib\jasmine.js:93:5
    at Array.forEach (<anonymous>)
    at Jasmine.loadSpecs (E:\Работа\imfx-html5\node_modules\jasmine\lib\jasmine.js:92:18)
    at Jasmine.execute (E:\Работа\imfx-html5\node_modules\jasmine\lib\jasmine.js:197:8)
    at E:\Работа\imfx-html5\node_modules\protractor\built\frameworks\jasmine.js:132:15
    at Function.promise (E:\Работа\imfx-html5\node_modules\protractor\node_modules\q\q.js:682:9)
    at E:\Работа\imfx-html5\node_modules\protractor\built\frameworks\jasmine.js:104:14
    at _fulfilled (E:\Работа\imfx-html5\node_modules\protractor\node_modules\q\q.js:834:54)
    at self.promiseDispatch.done (E:\Работа\imfx-html5\node_modules\protractor\node_modules\q\q.js:863:30)
    at Promise.promise.promiseDispatch (E:\Работа\imfx-html5\node_modules\protractor\node_modules\q\q.js:796:13)
    at E:\Работа\imfx-html5\node_modules\protractor\node_modules\q\q.js:556:49
    at runSingle (E:\Работа\imfx-html5\node_modules\protractor\node_modules\q\q.js:137:13)
    at flush (E:\Работа\imfx-html5\node_modules\protractor\node_modules\q\q.js:125:13)
    at process._tickCallback (internal/process/next_tick.js:150:11)]]>
   </failure>
  </testcase>
  <testcase classname="(e2e) General Testing" name="(e2e) 24. Should get version search" time="27.494" />
  <testcase classname="(e2e) General Testing" name="(e2e) 25. Should get simplified" time="34.733" />
  <testcase classname="(e2e) General Testing" name="(e2e) 26. Should get the additional drop down menus in basket for selected media file" time="25.649" />
  <testcase classname="(e2e) General Testing" name="(e2e) 27. Should get misr search with used advanced search" time="39.495" />
 </testsuite>
</testsuites>